<?xml version="1.0" encoding="UTF-8"?>
<!-- Generated by org.testng.reporters.JUnitXMLReporter -->
<testsuite ignored="1" hostname="DESKTOP-M7DU299" failures="0" tests="5" name="Test" time="0.156" errors="0" timestamp="2022-09-13T15:15:24 IST">
  <testcase classname="suit_Learn.I_Priority" name="first" time="0.025"/>
  <testcase classname="suit_Learn.I_Priority" name="third" time="0.003"/>
  <testcase classname="suit_Learn.II_dependsOnMethods" name="first" time="0.005"/>
  <testcase classname="suit_Learn.II_dependsOnMethods" name="second" time="0.005"/>
  <testcase classname="suit_Learn.II_dependsOnMethods" name="third" time="0.004"/>
  <testcase classname="suit_Learn.I_Priority" name="second" time="0.0">
    <ignored/>
  </testcase> <!-- second -->
</testsuite> <!-- Test -->
