<?xml version="1.0" encoding="UTF-8"?>
<!-- Generated by org.testng.reporters.JUnitXMLReporter -->
<testsuite ignored="1" hostname="DESKTOP-M7DU299" failures="0" tests="49" name="Default test(failed)" time="0.8" errors="0" timestamp="2022-09-20T11:06:46 IST">
  <testcase classname="textNG_Project_4_SauceDemo.copy.TestClass_1" name="@BeforeTest launchBrowser" time="-1.663652205357E9">
    <failure type="org.testng.TestNGException" message="
Parameter &amp;apos;browser&amp;apos; is required by BeforeTest on method launchBrowser but has not been marked @Optional or defined
in C:\Users\Akash\eclipse-workspace\Q_Maven\test-output\testng-failed.xml">
      <![CDATA[org.testng.TestNGException: 
Parameter 'browser' is required by BeforeTest on method launchBrowser but has not been marked @Optional or defined
in C:\Users\Akash\eclipse-workspace\Q_Maven\test-output\testng-failed.xml
... Removed 21 stack frames]]>
    </failure>
  </testcase> <!-- @BeforeTest launchBrowser -->
  <testcase classname="textNG_Project_4_SauceDemo.copy.copy.TestClass_1" name="@BeforeTest launchBrowser" time="-1.663652205376E9">
    <skipped/>
  </testcase> <!-- @BeforeTest launchBrowser -->
  <testcase classname="textNG_Project_5_Screenshot.TestClass_1" name="@BeforeTest launchBrowser" time="-1.663652205379E9">
    <skipped/>
  </testcase> <!-- @BeforeTest launchBrowser -->
  <testcase classname="textNG_Project_4_SauceDemo.copy.TestClass_2" name="@BeforeTest launchBrowser" time="-1.663652205383E9">
    <skipped/>
  </testcase> <!-- @BeforeTest launchBrowser -->
  <testcase classname="textNG_Project_4_SauceDemo.copy.copy.TestClass_2" name="@BeforeTest launchBrowser" time="-1.663652205387E9">
    <skipped/>
  </testcase> <!-- @BeforeTest launchBrowser -->
  <testcase classname="textNG_Project_4_SauceDemo.copy.TestClass_3" name="@BeforeTest launchBrowser" time="-1.663652205389E9">
    <skipped/>
  </testcase> <!-- @BeforeTest launchBrowser -->
  <testcase classname="textNG_Project_4_SauceDemo.copy.copy.TestClass_3" name="@BeforeTest launchBrowser" time="-1.663652205391E9">
    <skipped/>
  </testcase> <!-- @BeforeTest launchBrowser -->
  <testcase classname="textNG_Project_4_SauceDemo.copy.TestClass_4" name="@BeforeTest launchBrowser" time="-1.663652205394E9">
    <skipped/>
  </testcase> <!-- @BeforeTest launchBrowser -->
  <testcase classname="textNG_Project_4_SauceDemo.copy.copy.TestClass_4" name="@BeforeTest launchBrowser" time="-1.663652205396E9">
    <skipped/>
  </testcase> <!-- @BeforeTest launchBrowser -->
  <testcase classname="testNG_Project_2_Swiggy.TestClass_1" name="@BeforeClass beforeClass" time="-1.663652205458E9">
    <skipped/>
  </testcase> <!-- @BeforeClass beforeClass -->
  <testcase classname="testNG_Project_2_Swiggy.TestClass_1" name="@BeforeMethod CheckAvailability" time="-1.663652205482E9">
    <skipped/>
  </testcase> <!-- @BeforeMethod CheckAvailability -->
  <testcase classname="testNG_Project_2_Swiggy.TestClass_1" name="@AfterClass close" time="-1.663652205496E9">
    <skipped/>
  </testcase> <!-- @AfterClass close -->
  <testcase classname="textNG_Project_3_FlipCart.TestClass_2" name="@BeforeClass beforeClass" time="-1.663652205506E9">
    <skipped/>
  </testcase> <!-- @BeforeClass beforeClass -->
  <testcase classname="textNG_Project_3_FlipCart.TestClass_2" name="@BeforeMethod checkHeadersLink" time="-1.663652205509E9">
    <skipped/>
  </testcase> <!-- @BeforeMethod checkHeadersLink -->
  <testcase classname="textNG_Project_3_FlipCart.TestClass_2" name="@AfterClass close" time="-1.663652205516E9">
    <skipped/>
  </testcase> <!-- @AfterClass close -->
  <testcase classname="textNG_Project_3_FlipCart.TestClass_1" name="@BeforeClass beforeClass" time="-1.663652205521E9">
    <skipped/>
  </testcase> <!-- @BeforeClass beforeClass -->
  <testcase classname="textNG_Project_3_FlipCart.TestClass_1" name="@BeforeMethod addToCart" time="-1.663652205525E9">
    <skipped/>
  </testcase> <!-- @BeforeMethod addToCart -->
  <testcase classname="textNG_Project_3_FlipCart.TestClass_1" name="@AfterClass close" time="-1.663652205531E9">
    <skipped/>
  </testcase> <!-- @AfterClass close -->
  <testcase classname="textNG_Project_4_SauceDemo.TestClass_1" name="@BeforeClass beforeClass" time="-1.663652205534E9">
    <skipped/>
  </testcase> <!-- @BeforeClass beforeClass -->
  <testcase classname="textNG_Project_4_SauceDemo.TestClass_1" name="@BeforeMethod beforeMethod" time="-1.663652205536E9">
    <skipped/>
  </testcase> <!-- @BeforeMethod beforeMethod -->
  <testcase classname="textNG_Project_4_SauceDemo.TestClass_1" name="@AfterClass close" time="-1.663652205545E9">
    <skipped/>
  </testcase> <!-- @AfterClass close -->
  <testcase classname="textNG_Project_4_SauceDemo.copy.TestClass_3" name="@BeforeClass beforeClass" time="-1.663652205551E9">
    <skipped/>
  </testcase> <!-- @BeforeClass beforeClass -->
  <testcase classname="textNG_Project_4_SauceDemo.copy.TestClass_3" name="@BeforeMethod beforeMethod" time="-1.663652205555E9">
    <skipped/>
  </testcase> <!-- @BeforeMethod beforeMethod -->
  <testcase classname="textNG_Project_4_SauceDemo.copy.TestClass_3" name="@AfterClass cleanPOMObject" time="-1.663652205561E9">
    <skipped/>
  </testcase> <!-- @AfterClass cleanPOMObject -->
  <testcase classname="textNG_Project_4_SauceDemo.copy.TestClass_4" name="@BeforeClass beforeClass" time="-1.663652205565E9">
    <skipped/>
  </testcase> <!-- @BeforeClass beforeClass -->
  <testcase classname="textNG_Project_4_SauceDemo.copy.TestClass_4" name="@BeforeMethod beforeMethod" time="-1.663652205566E9">
    <skipped/>
  </testcase> <!-- @BeforeMethod beforeMethod -->
  <testcase classname="textNG_Project_4_SauceDemo.copy.TestClass_4" name="@AfterClass cleanPOMObject" time="-1.663652205573E9">
    <skipped/>
  </testcase> <!-- @AfterClass cleanPOMObject -->
  <testcase classname="testNG_Project_2_Swiggy.TestClass_2" name="@BeforeClass beforeClass" time="-1.66365220561E9">
    <skipped/>
  </testcase> <!-- @BeforeClass beforeClass -->
  <testcase classname="testNG_Project_2_Swiggy.TestClass_2" name="@BeforeMethod CheckCheckout" time="-1.663652205616E9">
    <skipped/>
  </testcase> <!-- @BeforeMethod CheckCheckout -->
  <testcase classname="testNG_Project_2_Swiggy.TestClass_2" name="@AfterClass close" time="-1.663652205627E9">
    <skipped/>
  </testcase> <!-- @AfterClass close -->
  <testcase classname="textNG_Project_4_SauceDemo.copy.copy.TestClass_2" name="@BeforeClass beforeClass" time="-1.663652205631E9">
    <skipped/>
  </testcase> <!-- @BeforeClass beforeClass -->
  <testcase classname="textNG_Project_4_SauceDemo.copy.copy.TestClass_2" name="@BeforeMethod beforeMethod" time="-1.663652205635E9">
    <skipped/>
  </testcase> <!-- @BeforeMethod beforeMethod -->
  <testcase classname="textNG_Project_4_SauceDemo.copy.copy.TestClass_2" name="@AfterClass cleanPOMObject" time="-1.66365220564E9">
    <skipped/>
  </testcase> <!-- @AfterClass cleanPOMObject -->
  <testcase classname="testNG_Project_1_MMT.TestClass_3_SearchButton" name="@BeforeClass beforeClass" time="-1.663652205641E9">
    <skipped/>
  </testcase> <!-- @BeforeClass beforeClass -->
  <testcase classname="testNG_Project_1_MMT.TestClass_3_SearchButton" name="@BeforeMethod clickOnSearchButton" time="-1.663652205645E9">
    <skipped/>
  </testcase> <!-- @BeforeMethod clickOnSearchButton -->
  <testcase classname="testNG_Project_1_MMT.TestClass_3_SearchButton" name="@AfterClass close" time="-1.663652205669E9">
    <skipped/>
  </testcase> <!-- @AfterClass close -->
  <testcase classname="textNG_Project_4_SauceDemo.copy.copy.TestClass_3" name="@BeforeClass beforeClass" time="-1.66365220568E9">
    <skipped/>
  </testcase> <!-- @BeforeClass beforeClass -->
  <testcase classname="textNG_Project_4_SauceDemo.copy.copy.TestClass_3" name="@BeforeMethod beforeMethod" time="-1.663652205683E9">
    <skipped/>
  </testcase> <!-- @BeforeMethod beforeMethod -->
  <testcase classname="textNG_Project_4_SauceDemo.copy.copy.TestClass_3" name="@AfterClass cleanPOMObject" time="-1.663652205689E9">
    <skipped/>
  </testcase> <!-- @AfterClass cleanPOMObject -->
  <testcase classname="textNG_Project_4_SauceDemo.copy.TestClass_1" name="@BeforeClass beforeClass" time="-1.663652205692E9">
    <skipped/>
  </testcase> <!-- @BeforeClass beforeClass -->
  <testcase classname="textNG_Project_4_SauceDemo.copy.TestClass_1" name="@BeforeMethod beforeMethod" time="-1.663652205694E9">
    <skipped/>
  </testcase> <!-- @BeforeMethod beforeMethod -->
  <testcase classname="textNG_Project_4_SauceDemo.copy.TestClass_1" name="@AfterClass cleanPOMObject" time="-1.6636522057E9">
    <skipped/>
  </testcase> <!-- @AfterClass cleanPOMObject -->
  <testcase classname="testNG_Project_1_MMT.TestClass_1_AppliedFilters" name="@BeforeClass beforeClass" time="-1.663652205723E9">
    <skipped/>
  </testcase> <!-- @BeforeClass beforeClass -->
  <testcase classname="testNG_Project_1_MMT.TestClass_1_AppliedFilters" name="@BeforeMethod clickOnSearchButton" time="-1.663652205727E9">
    <skipped/>
  </testcase> <!-- @BeforeMethod clickOnSearchButton -->
  <testcase classname="testNG_Project_1_MMT.TestClass_1_AppliedFilters" name="@AfterClass close" time="-1.663652205739E9">
    <skipped/>
  </testcase> <!-- @AfterClass close -->
  <testcase classname="suit_Learn.I_TC" name="@BeforeClass beforeClass" time="-1.663652205744E9">
    <skipped/>
  </testcase> <!-- @BeforeClass beforeClass -->
  <testcase classname="suit_Learn.I_TC" name="@BeforeMethod beforeMethod" time="-1.663652205751E9">
    <skipped/>
  </testcase> <!-- @BeforeMethod beforeMethod -->
  <testcase classname="suit_Learn.I_TC" name="@AfterMethod afterMethod" time="-1.663652205755E9">
    <skipped/>
  </testcase> <!-- @AfterMethod afterMethod -->
  <testcase classname="suit_Learn.I_TC" name="@AfterClass afterClass" time="-1.663652205758E9">
    <skipped/>
  </testcase> <!-- @AfterClass afterClass -->
  <testcase classname="textNG_Project_4_SauceDemo.TestClass_3" name="@BeforeClass beforeClass" time="-1.663652205792E9">
    <skipped/>
  </testcase> <!-- @BeforeClass beforeClass -->
  <testcase classname="textNG_Project_4_SauceDemo.TestClass_3" name="@BeforeMethod beforeMethod" time="-1.663652205796E9">
    <skipped/>
  </testcase> <!-- @BeforeMethod beforeMethod -->
  <testcase classname="textNG_Project_4_SauceDemo.TestClass_3" name="@AfterClass close" time="-1.663652205821E9">
    <skipped/>
  </testcase> <!-- @AfterClass close -->
  <testcase classname="testNG_Project_1_MMT.TestClass_2_HomeStays" name="@BeforeClass beforeClass" time="-1.663652205828E9">
    <skipped/>
  </testcase> <!-- @BeforeClass beforeClass -->
  <testcase classname="testNG_Project_1_MMT.TestClass_2_HomeStays" name="@BeforeMethod searchForHomeStays" time="-1.663652205833E9">
    <skipped/>
  </testcase> <!-- @BeforeMethod searchForHomeStays -->
  <testcase classname="testNG_Project_1_MMT.TestClass_2_HomeStays" name="@AfterClass close" time="-1.663652205844E9">
    <skipped/>
  </testcase> <!-- @AfterClass close -->
  <testcase classname="textNG_Project_5_Screenshot.TestClass_1" name="@BeforeClass beforeClass" time="-1.663652205849E9">
    <skipped/>
  </testcase> <!-- @BeforeClass beforeClass -->
  <testcase classname="textNG_Project_5_Screenshot.TestClass_1" name="@BeforeMethod beforeMethod" time="-1.663652205853E9">
    <skipped/>
  </testcase> <!-- @BeforeMethod beforeMethod -->
  <testcase classname="textNG_Project_5_Screenshot.TestClass_1" name="@AfterClass cleanPOMObject" time="-1.663652205862E9">
    <skipped/>
  </testcase> <!-- @AfterClass cleanPOMObject -->
  <testcase classname="pom_1.TestNg" name="@BeforeClass beforeClass" time="-1.663652205864E9">
    <skipped/>
  </testcase> <!-- @BeforeClass beforeClass -->
  <testcase classname="pom_1.TestNg" name="@BeforeMethod beforeMethod" time="-1.663652205865E9">
    <skipped/>
  </testcase> <!-- @BeforeMethod beforeMethod -->
  <testcase classname="pom_1.TestNg" name="@AfterMethod afterMethod" time="-1.663652205871E9">
    <skipped/>
  </testcase> <!-- @AfterMethod afterMethod -->
  <testcase classname="pom_1.TestNg" name="@BeforeMethod beforeMethod" time="-1.663652205874E9">
    <skipped/>
  </testcase> <!-- @BeforeMethod beforeMethod -->
  <testcase classname="pom_1.TestNg" name="@AfterMethod afterMethod" time="-1.663652205881E9">
    <skipped/>
  </testcase> <!-- @AfterMethod afterMethod -->
  <testcase classname="pom_1.TestNg" name="@AfterClass afterClass" time="-1.663652205882E9">
    <skipped/>
  </testcase> <!-- @AfterClass afterClass -->
  <testcase classname="textNG_Project_4_SauceDemo.TestClass_2" name="@BeforeClass beforeClass" time="-1.663652205912E9">
    <skipped/>
  </testcase> <!-- @BeforeClass beforeClass -->
  <testcase classname="textNG_Project_4_SauceDemo.TestClass_2" name="@BeforeMethod beforeMethod" time="-1.663652205921E9">
    <skipped/>
  </testcase> <!-- @BeforeMethod beforeMethod -->
  <testcase classname="textNG_Project_4_SauceDemo.TestClass_2" name="@AfterClass close" time="-1.663652205931E9">
    <skipped/>
  </testcase> <!-- @AfterClass close -->
  <testcase classname="textNG_Project_4_SauceDemo.copy.copy.TestClass_1" name="@BeforeClass beforeClass" time="-1.663652205933E9">
    <skipped/>
  </testcase> <!-- @BeforeClass beforeClass -->
  <testcase classname="textNG_Project_4_SauceDemo.copy.copy.TestClass_1" name="@BeforeMethod beforeMethod" time="-1.663652205937E9">
    <skipped/>
  </testcase> <!-- @BeforeMethod beforeMethod -->
  <testcase classname="textNG_Project_4_SauceDemo.copy.copy.TestClass_1" name="@AfterClass cleanPOMObject" time="-1.663652205944E9">
    <skipped/>
  </testcase> <!-- @AfterClass cleanPOMObject -->
  <testcase classname="suit_Learn.II_TC" name="@BeforeClass beforeClass" time="-1.663652205967E9">
    <skipped/>
  </testcase> <!-- @BeforeClass beforeClass -->
  <testcase classname="suit_Learn.II_TC" name="@BeforeMethod beforeMethod" time="-1.663652205968E9">
    <skipped/>
  </testcase> <!-- @BeforeMethod beforeMethod -->
  <testcase classname="suit_Learn.II_TC" name="@AfterMethod afterMethod" time="-1.663652205985E9">
    <skipped/>
  </testcase> <!-- @AfterMethod afterMethod -->
  <testcase classname="suit_Learn.II_TC" name="@AfterClass afterClass" time="-1.663652205986E9">
    <skipped/>
  </testcase> <!-- @AfterClass afterClass -->
  <testcase classname="textNG_Project_4_SauceDemo.TestClass_4" name="@BeforeClass beforeClass" time="-1.663652206041E9">
    <skipped/>
  </testcase> <!-- @BeforeClass beforeClass -->
  <testcase classname="textNG_Project_4_SauceDemo.TestClass_4" name="@BeforeMethod beforeMethod" time="-1.663652206048E9">
    <skipped/>
  </testcase> <!-- @BeforeMethod beforeMethod -->
  <testcase classname="textNG_Project_4_SauceDemo.TestClass_4" name="@AfterClass close" time="-1.663652206058E9">
    <skipped/>
  </testcase> <!-- @AfterClass close -->
  <testcase classname="textNG_Project_4_SauceDemo.copy.copy.TestClass_4" name="@BeforeClass beforeClass" time="-1.663652206066E9">
    <skipped/>
  </testcase> <!-- @BeforeClass beforeClass -->
  <testcase classname="textNG_Project_4_SauceDemo.copy.copy.TestClass_4" name="@BeforeMethod beforeMethod" time="-1.66365220607E9">
    <skipped/>
  </testcase> <!-- @BeforeMethod beforeMethod -->
  <testcase classname="textNG_Project_4_SauceDemo.copy.copy.TestClass_4" name="@AfterClass cleanPOMObject" time="-1.663652206075E9">
    <skipped/>
  </testcase> <!-- @AfterClass cleanPOMObject -->
  <testcase classname="textNG_Project_4_SauceDemo.copy.TestClass_2" name="@BeforeClass beforeClass" time="-1.663652206079E9">
    <skipped/>
  </testcase> <!-- @BeforeClass beforeClass -->
  <testcase classname="textNG_Project_4_SauceDemo.copy.TestClass_2" name="@BeforeMethod beforeMethod" time="-1.663652206086E9">
    <skipped/>
  </testcase> <!-- @BeforeMethod beforeMethod -->
  <testcase classname="textNG_Project_4_SauceDemo.copy.TestClass_2" name="@AfterClass cleanPOMObject" time="-1.66365220609E9">
    <skipped/>
  </testcase> <!-- @AfterClass cleanPOMObject -->
  <testcase classname="suit_Learn.II_TC" name="@AfterTest afterTest" time="-1.663652206123E9">
    <skipped/>
  </testcase> <!-- @AfterTest afterTest -->
  <testcase classname="suit_Learn.I_TC" name="@AfterTest afterTest" time="-1.663652206126E9">
    <skipped/>
  </testcase> <!-- @AfterTest afterTest -->
  <testcase classname="textNG_Project_4_SauceDemo.copy.TestClass_1" name="@AfterTest close" time="-1.663652206127E9">
    <skipped/>
  </testcase> <!-- @AfterTest close -->
  <testcase classname="textNG_Project_4_SauceDemo.copy.copy.TestClass_1" name="@AfterTest closes" time="-1.663652206127E9">
    <skipped/>
  </testcase> <!-- @AfterTest closes -->
  <testcase classname="textNG_Project_5_Screenshot.TestClass_1" name="@AfterTest closes" time="-1.663652206131E9">
    <skipped/>
  </testcase> <!-- @AfterTest closes -->
  <testcase classname="textNG_Project_4_SauceDemo.copy.TestClass_2" name="@AfterTest close" time="-1.663652206131E9">
    <skipped/>
  </testcase> <!-- @AfterTest close -->
  <testcase classname="textNG_Project_4_SauceDemo.copy.copy.TestClass_2" name="@AfterTest closes" time="-1.663652206132E9">
    <skipped/>
  </testcase> <!-- @AfterTest closes -->
  <testcase classname="textNG_Project_4_SauceDemo.copy.TestClass_3" name="@AfterTest close" time="-1.663652206139E9">
    <skipped/>
  </testcase> <!-- @AfterTest close -->
  <testcase classname="textNG_Project_4_SauceDemo.copy.copy.TestClass_3" name="@AfterTest closes" time="-1.66365220614E9">
    <skipped/>
  </testcase> <!-- @AfterTest closes -->
  <testcase classname="textNG_Project_4_SauceDemo.copy.TestClass_4" name="@AfterTest close" time="-1.663652206143E9">
    <skipped/>
  </testcase> <!-- @AfterTest close -->
  <testcase classname="textNG_Project_4_SauceDemo.copy.copy.TestClass_4" name="@AfterTest closes" time="-1.663652206144E9">
    <skipped/>
  </testcase> <!-- @AfterTest closes -->
  <testcase classname="testNG_Project_2_Swiggy.TestClass_1" name="tc1CheckAvailability" time="0.0">
    <skipped/>
  </testcase> <!-- tc1CheckAvailability -->
  <testcase classname="textNG_Project_3_FlipCart.TestClass_2" name="tc1CheckTheHeadersLinks" time="0.0">
    <skipped/>
  </testcase> <!-- tc1CheckTheHeadersLinks -->
  <testcase classname="textNG_Project_3_FlipCart.TestClass_1" name="tc1CheckTheaddToCart" time="0.0">
    <skipped/>
  </testcase> <!-- tc1CheckTheaddToCart -->
  <testcase classname="textNG_Project_4_SauceDemo.TestClass_1" name="testLoginButton" time="0.0">
    <skipped/>
  </testcase> <!-- testLoginButton -->
  <testcase classname="textNG_Project_4_SauceDemo.copy.TestClass_3" name="checkAddToCart" time="0.0">
    <skipped/>
  </testcase> <!-- checkAddToCart -->
  <testcase classname="textNG_Project_4_SauceDemo.copy.TestClass_4" name="checkAddToCart" time="0.0">
    <skipped/>
  </testcase> <!-- checkAddToCart -->
  <testcase classname="annotations.IV_Groups" name="first" time="0.0">
    <skipped/>
  </testcase> <!-- first -->
  <testcase classname="annotations.IV_Groups" name="second" time="0.0">
    <skipped/>
  </testcase> <!-- second -->
  <testcase classname="annotations.IV_Groups" name="third" time="0.0">
    <skipped/>
  </testcase> <!-- third -->
  <testcase classname="annotations.VI_TimeOut" name="first" time="0.0">
    <skipped/>
  </testcase> <!-- first -->
  <testcase classname="annotations.VI_TimeOut" name="second" time="0.0">
    <skipped/>
  </testcase> <!-- second -->
  <testcase classname="annotations.VI_TimeOut" name="third" time="0.0">
    <skipped/>
  </testcase> <!-- third -->
  <testcase classname="testNG_Project_2_Swiggy.TestClass_2" name="tc1Checkout" time="0.0">
    <skipped/>
  </testcase> <!-- tc1Checkout -->
  <testcase classname="textNG_Project_4_SauceDemo.copy.copy.TestClass_2" name="checkAddToCart" time="0.0">
    <skipped/>
  </testcase> <!-- checkAddToCart -->
  <testcase classname="testNG_Project_1_MMT.TestClass_3_SearchButton" name="tc1checkSearchButtonOpeation" time="0.0">
    <skipped/>
  </testcase> <!-- tc1checkSearchButtonOpeation -->
  <testcase classname="textNG_Project_4_SauceDemo.copy.copy.TestClass_3" name="checkAddToCart" time="0.0">
    <skipped/>
  </testcase> <!-- checkAddToCart -->
  <testcase classname="textNG_Project_4_SauceDemo.copy.TestClass_1" name="testLoginButton" time="0.0">
    <skipped/>
  </testcase> <!-- testLoginButton -->
  <testcase classname="annotations.I_Priority" name="second" time="0.0">
    <skipped/>
  </testcase> <!-- second -->
  <testcase classname="annotations.I_Priority" name="first" time="0.0">
    <skipped/>
  </testcase> <!-- first -->
  <testcase classname="annotations.I_Priority" name="third" time="0.0">
    <skipped/>
  </testcase> <!-- third -->
  <testcase classname="testNG_Project_1_MMT.TestClass_1_AppliedFilters" name="tc1checkSearchButtonOpeation" time="0.0">
    <skipped/>
  </testcase> <!-- tc1checkSearchButtonOpeation -->
  <testcase classname="suit_Learn.I_TC" name="second" time="0.0">
    <skipped/>
  </testcase> <!-- second -->
  <testcase classname="textNG_Project_4_SauceDemo.TestClass_3" name="checkAddToCart" time="0.0">
    <skipped/>
  </testcase> <!-- checkAddToCart -->
  <testcase classname="testNG_Project_1_MMT.TestClass_2_HomeStays" name="tc1checkSearchForHomeStays" time="0.0">
    <skipped/>
  </testcase> <!-- tc1checkSearchForHomeStays -->
  <testcase classname="textNG_Project_5_Screenshot.TestClass_1" name="testLoginButton" time="0.0">
    <skipped/>
  </testcase> <!-- testLoginButton -->
  <testcase classname="pom_1.TestNg" name="test13" time="0.0">
    <skipped/>
  </testcase> <!-- test13 -->
  <testcase classname="pom_1.TestNg" name="test22" time="0.0">
    <skipped/>
  </testcase> <!-- test22 -->
  <testcase classname="textNG_Project_4_SauceDemo.TestClass_2" name="checkAddToCart" time="0.0">
    <skipped/>
  </testcase> <!-- checkAddToCart -->
  <testcase classname="textNG_Project_4_SauceDemo.copy.copy.TestClass_1" name="testLoginButton" time="0.0">
    <skipped/>
  </testcase> <!-- testLoginButton -->
  <testcase classname="annotations.V_InvocationCount" name="first" time="0.0">
    <skipped/>
  </testcase> <!-- first -->
  <testcase classname="annotations.V_InvocationCount" name="second" time="0.0">
    <skipped/>
  </testcase> <!-- second -->
  <testcase classname="annotations.V_InvocationCount" name="second" time="0.0">
    <skipped/>
  </testcase> <!-- second -->
  <testcase classname="annotations.V_InvocationCount" name="third" time="0.0">
    <skipped/>
  </testcase> <!-- third -->
  <testcase classname="suit_Learn.II_TC" name="second" time="0.0">
    <skipped/>
  </testcase> <!-- second -->
  <testcase classname="annotations.III_enabled" name="first" time="0.0">
    <skipped/>
  </testcase> <!-- first -->
  <testcase classname="annotations.III_enabled" name="second" time="0.0">
    <skipped/>
  </testcase> <!-- second -->
  <testcase classname="assertions.Soft_Assert" name="I_softAssert" time="0.0">
    <skipped/>
  </testcase> <!-- I_softAssert -->
  <testcase classname="assertions.Soft_Assert" name="II_softAssert" time="0.0">
    <skipped/>
  </testcase> <!-- II_softAssert -->
  <testcase classname="assertions.Soft_Assert" name="III_softAssert" time="0.0">
    <skipped/>
  </testcase> <!-- III_softAssert -->
  <testcase classname="annotations.II_dependsOnMethods" name="first" time="0.0">
    <skipped/>
  </testcase> <!-- first -->
  <testcase classname="annotations.II_dependsOnMethods" name="second" time="0.0">
    <skipped/>
  </testcase> <!-- second -->
  <testcase classname="annotations.II_dependsOnMethods" name="third" time="0.0">
    <skipped/>
  </testcase> <!-- third -->
  <testcase classname="textNG_Project_4_SauceDemo.TestClass_4" name="checkAddToCart" time="0.0">
    <skipped/>
  </testcase> <!-- checkAddToCart -->
  <testcase classname="textNG_Project_4_SauceDemo.copy.copy.TestClass_4" name="checkAddToCart" time="0.0">
    <skipped/>
  </testcase> <!-- checkAddToCart -->
  <testcase classname="textNG_Project_4_SauceDemo.copy.TestClass_2" name="checkAddToCart" time="0.0">
    <skipped/>
  </testcase> <!-- checkAddToCart -->
  <testcase classname="assertions.Hard_Assert" name="hardAssert1" time="0.0">
    <skipped/>
  </testcase> <!-- hardAssert1 -->
  <testcase classname="assertions.Hard_Assert" name="hardAssert2" time="0.0">
    <skipped/>
  </testcase> <!-- hardAssert2 -->
  <testcase classname="com.akash.AppTest" name="testLogin1" time="0.0">
    <skipped/>
  </testcase> <!-- testLogin1 -->
  <testcase classname="com.akash.AppTest" name="testLogin2" time="0.0">
    <skipped/>
  </testcase> <!-- testLogin2 -->
  <testcase classname="annotations.III_enabled" name="third" time="0.0">
    <ignored/>
  </testcase> <!-- third -->
</testsuite> <!-- Default test(failed) -->
