<?xml version="1.0" encoding="UTF-8"?>
<!-- Generated by org.testng.reporters.JUnitXMLReporter -->
<testsuite ignored="0" hostname="DESKTOP-M7DU299" failures="0" tests="6" name="Test" time="0.16" errors="0" timestamp="2022-09-13T15:25:31 IST">
  <testcase classname="suit_Learn.I_TC" name="first" time="0.034"/>
  <testcase classname="suit_Learn.I_TC" name="second" time="0.003"/>
  <testcase classname="suit_Learn.I_TC" name="third" time="0.004"/>
  <testcase classname="suit_Learn.II_TC" name="first" time="0.003"/>
  <testcase classname="suit_Learn.II_TC" name="second" time="0.002"/>
  <testcase classname="suit_Learn.II_TC" name="third" time="0.007"/>
</testsuite> <!-- Test -->
