<?xml version="1.0" encoding="UTF-8"?>
<!-- Generated by org.testng.reporters.JUnitXMLReporter -->
<testsuite ignored="0" hostname="DESKTOP-M7DU299" failures="0" tests="2" name="MMT_Test1" time="41.251" errors="0" timestamp="2022-09-13T19:19:48 IST">
  <testcase classname="testNG_Project_1_MMT.TestClass_1" name="tc1checkSearchButtonOpeation" time="9.082"/>
  <testcase classname="testNG_Project_1_MMT.TestClass_2" name="tc1checkSearchForHomeStays" time="0.083"/>
</testsuite> <!-- MMT_Test1 -->
