<?xml version="1.0" encoding="UTF-8"?>
<testng-results ignored="0" total="12" passed="8" failed="0" skipped="4">
  <reporter-output>
  </reporter-output>
  <suite started-at="2022-09-23T17:14:57 IST" name="Suite" finished-at="2022-09-23T17:15:47 IST" duration-ms="50658">
    <groups>
    </groups>
    <test started-at="2022-09-23T17:14:57 IST" name="2_Test_Edge" finished-at="2022-09-23T17:15:35 IST" duration-ms="37840">
      <class name="textNG_Project_4_SauceDemo.copy.TestClass_3">
        <test-method is-config="true" signature="launchBrowser(java.lang.String)[pri:0, instance:textNG_Project_4_SauceDemo.copy.TestClass_3@747ddf94]" started-at="2022-09-23T17:15:11 IST" name="launchBrowser" finished-at="2022-09-23T17:15:17 IST" duration-ms="6226" status="PASS">
          <params>
            <param index="0">
              <value>
                <![CDATA[Edge]]>
              </value>
            </param>
          </params>
          <reporter-output>
          </reporter-output>
        </test-method> <!-- launchBrowser -->
        <test-method is-config="true" signature="beforeClass()[pri:0, instance:textNG_Project_4_SauceDemo.copy.TestClass_3@747ddf94]" started-at="2022-09-23T17:15:27 IST" name="beforeClass" finished-at="2022-09-23T17:15:27 IST" duration-ms="1" status="PASS">
          <reporter-output>
          </reporter-output>
        </test-method> <!-- beforeClass -->
        <test-method is-config="true" signature="beforeMethod()[pri:0, instance:textNG_Project_4_SauceDemo.copy.TestClass_3@747ddf94]" started-at="2022-09-23T17:15:27 IST" name="beforeMethod" finished-at="2022-09-23T17:15:28 IST" duration-ms="1221" status="PASS">
          <reporter-output>
          </reporter-output>
        </test-method> <!-- beforeMethod -->
        <test-method signature="checkAddToCart()[pri:0, instance:textNG_Project_4_SauceDemo.copy.TestClass_3@747ddf94]" started-at="2022-09-23T17:15:28 IST" name="checkAddToCart" finished-at="2022-09-23T17:15:28 IST" duration-ms="113" status="PASS">
          <reporter-output>
          </reporter-output>
        </test-method> <!-- checkAddToCart -->
        <test-method is-config="true" signature="cleanPOMObject()[pri:0, instance:textNG_Project_4_SauceDemo.copy.TestClass_3@747ddf94]" started-at="2022-09-23T17:15:28 IST" name="cleanPOMObject" finished-at="2022-09-23T17:15:28 IST" duration-ms="0" status="PASS">
          <reporter-output>
          </reporter-output>
        </test-method> <!-- cleanPOMObject -->
        <test-method is-config="true" signature="close()[pri:0, instance:textNG_Project_4_SauceDemo.copy.TestClass_3@747ddf94]" started-at="2022-09-23T17:15:34 IST" name="close" finished-at="2022-09-23T17:15:34 IST" duration-ms="347" status="PASS">
          <reporter-output>
          </reporter-output>
        </test-method> <!-- close -->
      </class> <!-- textNG_Project_4_SauceDemo.copy.TestClass_3 -->
      <class name="textNG_Project_4_SauceDemo.copy.TestClass_2">
        <test-method is-config="true" signature="launchBrowser(java.lang.String)[pri:0, instance:textNG_Project_4_SauceDemo.copy.TestClass_2@2f9f7dcf]" started-at="2022-09-23T17:15:04 IST" name="launchBrowser" finished-at="2022-09-23T17:15:11 IST" duration-ms="6709" status="PASS">
          <params>
            <param index="0">
              <value>
                <![CDATA[Edge]]>
              </value>
            </param>
          </params>
          <reporter-output>
          </reporter-output>
        </test-method> <!-- launchBrowser -->
        <test-method is-config="true" signature="beforeClass()[pri:0, instance:textNG_Project_4_SauceDemo.copy.TestClass_2@2f9f7dcf]" started-at="2022-09-23T17:15:24 IST" name="beforeClass" finished-at="2022-09-23T17:15:24 IST" duration-ms="1" status="PASS">
          <reporter-output>
          </reporter-output>
        </test-method> <!-- beforeClass -->
        <test-method is-config="true" signature="beforeMethod()[pri:0, instance:textNG_Project_4_SauceDemo.copy.TestClass_2@2f9f7dcf]" started-at="2022-09-23T17:15:24 IST" name="beforeMethod" finished-at="2022-09-23T17:15:27 IST" duration-ms="2633" status="PASS">
          <reporter-output>
          </reporter-output>
        </test-method> <!-- beforeMethod -->
        <test-method signature="checkAddToCart()[pri:0, instance:textNG_Project_4_SauceDemo.copy.TestClass_2@2f9f7dcf]" started-at="2022-09-23T17:15:27 IST" name="checkAddToCart" finished-at="2022-09-23T17:15:27 IST" duration-ms="20" status="PASS">
          <reporter-output>
          </reporter-output>
        </test-method> <!-- checkAddToCart -->
        <test-method is-config="true" signature="cleanPOMObject()[pri:0, instance:textNG_Project_4_SauceDemo.copy.TestClass_2@2f9f7dcf]" started-at="2022-09-23T17:15:27 IST" name="cleanPOMObject" finished-at="2022-09-23T17:15:27 IST" duration-ms="0" status="PASS">
          <reporter-output>
          </reporter-output>
        </test-method> <!-- cleanPOMObject -->
        <test-method is-config="true" signature="close()[pri:0, instance:textNG_Project_4_SauceDemo.copy.TestClass_2@2f9f7dcf]" started-at="2022-09-23T17:15:33 IST" name="close" finished-at="2022-09-23T17:15:34 IST" duration-ms="387" status="PASS">
          <reporter-output>
          </reporter-output>
        </test-method> <!-- close -->
      </class> <!-- textNG_Project_4_SauceDemo.copy.TestClass_2 -->
      <class name="textNG_Project_4_SauceDemo.copy.TestClass_4">
        <test-method is-config="true" signature="launchBrowser(java.lang.String)[pri:0, instance:textNG_Project_4_SauceDemo.copy.TestClass_4@35e2d654]" started-at="2022-09-23T17:15:17 IST" name="launchBrowser" finished-at="2022-09-23T17:15:23 IST" duration-ms="5822" status="PASS">
          <params>
            <param index="0">
              <value>
                <![CDATA[Edge]]>
              </value>
            </param>
          </params>
          <reporter-output>
          </reporter-output>
        </test-method> <!-- launchBrowser -->
        <test-method is-config="true" signature="beforeClass()[pri:0, instance:textNG_Project_4_SauceDemo.copy.TestClass_4@35e2d654]" started-at="2022-09-23T17:15:28 IST" name="beforeClass" finished-at="2022-09-23T17:15:28 IST" duration-ms="1" status="PASS">
          <reporter-output>
          </reporter-output>
        </test-method> <!-- beforeClass -->
        <test-method is-config="true" signature="beforeMethod()[pri:0, instance:textNG_Project_4_SauceDemo.copy.TestClass_4@35e2d654]" started-at="2022-09-23T17:15:28 IST" name="beforeMethod" finished-at="2022-09-23T17:15:30 IST" duration-ms="1212" status="PASS">
          <reporter-output>
          </reporter-output>
        </test-method> <!-- beforeMethod -->
        <test-method signature="checkAddToCart()[pri:0, instance:textNG_Project_4_SauceDemo.copy.TestClass_4@35e2d654]" started-at="2022-09-23T17:15:30 IST" name="checkAddToCart" finished-at="2022-09-23T17:15:33 IST" duration-ms="3547" status="PASS">
          <reporter-output>
          </reporter-output>
        </test-method> <!-- checkAddToCart -->
        <test-method is-config="true" signature="cleanPOMObject()[pri:0, instance:textNG_Project_4_SauceDemo.copy.TestClass_4@35e2d654]" started-at="2022-09-23T17:15:33 IST" name="cleanPOMObject" finished-at="2022-09-23T17:15:33 IST" duration-ms="1" status="PASS">
          <reporter-output>
          </reporter-output>
        </test-method> <!-- cleanPOMObject -->
        <test-method is-config="true" signature="close()[pri:0, instance:textNG_Project_4_SauceDemo.copy.TestClass_4@35e2d654]" started-at="2022-09-23T17:15:34 IST" name="close" finished-at="2022-09-23T17:15:35 IST" duration-ms="383" status="PASS">
          <reporter-output>
          </reporter-output>
        </test-method> <!-- close -->
      </class> <!-- textNG_Project_4_SauceDemo.copy.TestClass_4 -->
      <class name="textNG_Project_4_SauceDemo.copy.TestClass_1">
        <test-method is-config="true" signature="launchBrowser(java.lang.String)[pri:0, instance:textNG_Project_4_SauceDemo.copy.TestClass_1@5b8dfcc1]" started-at="2022-09-23T17:14:57 IST" name="launchBrowser" finished-at="2022-09-23T17:15:04 IST" duration-ms="7498" status="PASS">
          <params>
            <param index="0">
              <value>
                <![CDATA[Edge]]>
              </value>
            </param>
          </params>
          <reporter-output>
          </reporter-output>
        </test-method> <!-- launchBrowser -->
        <test-method is-config="true" signature="beforeClass()[pri:0, instance:textNG_Project_4_SauceDemo.copy.TestClass_1@5b8dfcc1]" started-at="2022-09-23T17:15:23 IST" name="beforeClass" finished-at="2022-09-23T17:15:23 IST" duration-ms="0" status="PASS">
          <reporter-output>
          </reporter-output>
        </test-method> <!-- beforeClass -->
        <test-method is-config="true" signature="beforeMethod()[pri:0, instance:textNG_Project_4_SauceDemo.copy.TestClass_1@5b8dfcc1]" started-at="2022-09-23T17:15:23 IST" name="beforeMethod" finished-at="2022-09-23T17:15:24 IST" duration-ms="1207" status="PASS">
          <reporter-output>
          </reporter-output>
        </test-method> <!-- beforeMethod -->
        <test-method signature="testLoginButton()[pri:0, instance:textNG_Project_4_SauceDemo.copy.TestClass_1@5b8dfcc1]" started-at="2022-09-23T17:15:24 IST" name="testLoginButton" finished-at="2022-09-23T17:15:24 IST" duration-ms="90" status="PASS">
          <reporter-output>
          </reporter-output>
        </test-method> <!-- testLoginButton -->
        <test-method is-config="true" signature="cleanPOMObject()[pri:0, instance:textNG_Project_4_SauceDemo.copy.TestClass_1@5b8dfcc1]" started-at="2022-09-23T17:15:24 IST" name="cleanPOMObject" finished-at="2022-09-23T17:15:24 IST" duration-ms="0" status="PASS">
          <reporter-output>
          </reporter-output>
        </test-method> <!-- cleanPOMObject -->
        <test-method is-config="true" signature="close()[pri:0, instance:textNG_Project_4_SauceDemo.copy.TestClass_1@5b8dfcc1]" started-at="2022-09-23T17:15:33 IST" name="close" finished-at="2022-09-23T17:15:33 IST" duration-ms="392" status="PASS">
          <reporter-output>
          </reporter-output>
        </test-method> <!-- close -->
      </class> <!-- textNG_Project_4_SauceDemo.copy.TestClass_1 -->
    </test> <!-- 2_Test_Edge -->
    <test started-at="2022-09-23T17:14:57 IST" name="1_Test_Chrome" finished-at="2022-09-23T17:15:37 IST" duration-ms="40118">
      <class name="textNG_Project_4_SauceDemo.copy.TestClass_3">
        <test-method is-config="true" signature="launchBrowser(java.lang.String)[pri:0, instance:textNG_Project_4_SauceDemo.copy.TestClass_3@6b927fb]" started-at="2022-09-23T17:15:08 IST" name="launchBrowser" finished-at="2022-09-23T17:15:13 IST" duration-ms="4973" status="PASS">
          <params>
            <param index="0">
              <value>
                <![CDATA[Chrome]]>
              </value>
            </param>
          </params>
          <reporter-output>
          </reporter-output>
        </test-method> <!-- launchBrowser -->
        <test-method is-config="true" signature="beforeClass()[pri:0, instance:textNG_Project_4_SauceDemo.copy.TestClass_3@6b927fb]" started-at="2022-09-23T17:15:22 IST" name="beforeClass" finished-at="2022-09-23T17:15:22 IST" duration-ms="1" status="PASS">
          <reporter-output>
          </reporter-output>
        </test-method> <!-- beforeClass -->
        <test-method is-config="true" signature="beforeMethod()[pri:0, instance:textNG_Project_4_SauceDemo.copy.TestClass_3@6b927fb]" started-at="2022-09-23T17:15:22 IST" name="beforeMethod" finished-at="2022-09-23T17:15:23 IST" duration-ms="1835" status="PASS">
          <reporter-output>
          </reporter-output>
        </test-method> <!-- beforeMethod -->
        <test-method signature="checkAddToCart()[pri:0, instance:textNG_Project_4_SauceDemo.copy.TestClass_3@6b927fb]" started-at="2022-09-23T17:15:23 IST" name="checkAddToCart" finished-at="2022-09-23T17:15:24 IST" duration-ms="145" status="PASS">
          <reporter-output>
          </reporter-output>
        </test-method> <!-- checkAddToCart -->
        <test-method is-config="true" signature="cleanPOMObject()[pri:0, instance:textNG_Project_4_SauceDemo.copy.TestClass_3@6b927fb]" started-at="2022-09-23T17:15:24 IST" name="cleanPOMObject" finished-at="2022-09-23T17:15:24 IST" duration-ms="0" status="PASS">
          <reporter-output>
          </reporter-output>
        </test-method> <!-- cleanPOMObject -->
        <test-method is-config="true" signature="close()[pri:0, instance:textNG_Project_4_SauceDemo.copy.TestClass_3@6b927fb]" started-at="2022-09-23T17:15:32 IST" name="close" finished-at="2022-09-23T17:15:37 IST" duration-ms="4748" status="PASS">
          <reporter-output>
          </reporter-output>
        </test-method> <!-- close -->
      </class> <!-- textNG_Project_4_SauceDemo.copy.TestClass_3 -->
      <class name="textNG_Project_4_SauceDemo.copy.TestClass_2">
        <test-method is-config="true" signature="launchBrowser(java.lang.String)[pri:0, instance:textNG_Project_4_SauceDemo.copy.TestClass_2@a514af7]" started-at="2022-09-23T17:15:04 IST" name="launchBrowser" finished-at="2022-09-23T17:15:08 IST" duration-ms="3448" status="PASS">
          <params>
            <param index="0">
              <value>
                <![CDATA[Chrome]]>
              </value>
            </param>
          </params>
          <reporter-output>
          </reporter-output>
        </test-method> <!-- launchBrowser -->
        <test-method is-config="true" signature="beforeClass()[pri:0, instance:textNG_Project_4_SauceDemo.copy.TestClass_2@a514af7]" started-at="2022-09-23T17:15:18 IST" name="beforeClass" finished-at="2022-09-23T17:15:18 IST" duration-ms="6" status="PASS">
          <reporter-output>
          </reporter-output>
        </test-method> <!-- beforeClass -->
        <test-method is-config="true" signature="beforeMethod()[pri:0, instance:textNG_Project_4_SauceDemo.copy.TestClass_2@a514af7]" started-at="2022-09-23T17:15:18 IST" name="beforeMethod" finished-at="2022-09-23T17:15:21 IST" duration-ms="2120" status="PASS">
          <reporter-output>
          </reporter-output>
        </test-method> <!-- beforeMethod -->
        <test-method signature="checkAddToCart()[pri:0, instance:textNG_Project_4_SauceDemo.copy.TestClass_2@a514af7]" started-at="2022-09-23T17:15:21 IST" name="checkAddToCart" finished-at="2022-09-23T17:15:22 IST" duration-ms="1027" status="PASS">
          <reporter-output>
          </reporter-output>
        </test-method> <!-- checkAddToCart -->
        <test-method is-config="true" signature="cleanPOMObject()[pri:0, instance:textNG_Project_4_SauceDemo.copy.TestClass_2@a514af7]" started-at="2022-09-23T17:15:22 IST" name="cleanPOMObject" finished-at="2022-09-23T17:15:22 IST" duration-ms="1" status="PASS">
          <reporter-output>
          </reporter-output>
        </test-method> <!-- cleanPOMObject -->
        <test-method is-config="true" signature="close()[pri:0, instance:textNG_Project_4_SauceDemo.copy.TestClass_2@a514af7]" started-at="2022-09-23T17:15:31 IST" name="close" finished-at="2022-09-23T17:15:32 IST" duration-ms="643" status="PASS">
          <reporter-output>
          </reporter-output>
        </test-method> <!-- close -->
      </class> <!-- textNG_Project_4_SauceDemo.copy.TestClass_2 -->
      <class name="textNG_Project_4_SauceDemo.copy.TestClass_4">
        <test-method is-config="true" signature="launchBrowser(java.lang.String)[pri:0, instance:textNG_Project_4_SauceDemo.copy.TestClass_4@3e58a80e]" started-at="2022-09-23T17:15:13 IST" name="launchBrowser" finished-at="2022-09-23T17:15:17 IST" duration-ms="4783" status="PASS">
          <params>
            <param index="0">
              <value>
                <![CDATA[Chrome]]>
              </value>
            </param>
          </params>
          <reporter-output>
          </reporter-output>
        </test-method> <!-- launchBrowser -->
        <test-method is-config="true" signature="beforeClass()[pri:0, instance:textNG_Project_4_SauceDemo.copy.TestClass_4@3e58a80e]" started-at="2022-09-23T17:15:24 IST" name="beforeClass" finished-at="2022-09-23T17:15:24 IST" duration-ms="1" status="PASS">
          <reporter-output>
          </reporter-output>
        </test-method> <!-- beforeClass -->
        <test-method is-config="true" signature="beforeMethod()[pri:0, instance:textNG_Project_4_SauceDemo.copy.TestClass_4@3e58a80e]" started-at="2022-09-23T17:15:24 IST" name="beforeMethod" finished-at="2022-09-23T17:15:25 IST" duration-ms="1622" status="PASS">
          <reporter-output>
          </reporter-output>
        </test-method> <!-- beforeMethod -->
        <test-method signature="checkAddToCart()[pri:0, instance:textNG_Project_4_SauceDemo.copy.TestClass_4@3e58a80e]" started-at="2022-09-23T17:15:25 IST" name="checkAddToCart" finished-at="2022-09-23T17:15:29 IST" duration-ms="3807" status="PASS">
          <reporter-output>
          </reporter-output>
        </test-method> <!-- checkAddToCart -->
        <test-method is-config="true" signature="cleanPOMObject()[pri:0, instance:textNG_Project_4_SauceDemo.copy.TestClass_4@3e58a80e]" started-at="2022-09-23T17:15:29 IST" name="cleanPOMObject" finished-at="2022-09-23T17:15:29 IST" duration-ms="1" status="PASS">
          <reporter-output>
          </reporter-output>
        </test-method> <!-- cleanPOMObject -->
        <test-method is-config="true" signature="close()[pri:0, instance:textNG_Project_4_SauceDemo.copy.TestClass_4@3e58a80e]" started-at="2022-09-23T17:15:37 IST" name="close" finished-at="2022-09-23T17:15:37 IST" duration-ms="329" status="PASS">
          <reporter-output>
          </reporter-output>
        </test-method> <!-- close -->
      </class> <!-- textNG_Project_4_SauceDemo.copy.TestClass_4 -->
      <class name="textNG_Project_4_SauceDemo.copy.TestClass_1">
        <test-method is-config="true" signature="launchBrowser(java.lang.String)[pri:0, instance:textNG_Project_4_SauceDemo.copy.TestClass_1@2e005c4b]" started-at="2022-09-23T17:14:57 IST" name="launchBrowser" finished-at="2022-09-23T17:15:04 IST" duration-ms="7442" status="PASS">
          <params>
            <param index="0">
              <value>
                <![CDATA[Chrome]]>
              </value>
            </param>
          </params>
          <reporter-output>
          </reporter-output>
        </test-method> <!-- launchBrowser -->
        <test-method is-config="true" signature="beforeClass()[pri:0, instance:textNG_Project_4_SauceDemo.copy.TestClass_1@2e005c4b]" started-at="2022-09-23T17:15:17 IST" name="beforeClass" finished-at="2022-09-23T17:15:17 IST" duration-ms="57" status="PASS">
          <reporter-output>
          </reporter-output>
        </test-method> <!-- beforeClass -->
        <test-method is-config="true" signature="beforeMethod()[pri:0, instance:textNG_Project_4_SauceDemo.copy.TestClass_1@2e005c4b]" started-at="2022-09-23T17:15:18 IST" name="beforeMethod" finished-at="2022-09-23T17:15:18 IST" duration-ms="816" status="PASS">
          <reporter-output>
          </reporter-output>
        </test-method> <!-- beforeMethod -->
        <test-method signature="testLoginButton()[pri:0, instance:textNG_Project_4_SauceDemo.copy.TestClass_1@2e005c4b]" started-at="2022-09-23T17:15:18 IST" name="testLoginButton" finished-at="2022-09-23T17:15:18 IST" duration-ms="108" status="PASS">
          <reporter-output>
          </reporter-output>
        </test-method> <!-- testLoginButton -->
        <test-method is-config="true" signature="cleanPOMObject()[pri:0, instance:textNG_Project_4_SauceDemo.copy.TestClass_1@2e005c4b]" started-at="2022-09-23T17:15:18 IST" name="cleanPOMObject" finished-at="2022-09-23T17:15:18 IST" duration-ms="0" status="PASS">
          <reporter-output>
          </reporter-output>
        </test-method> <!-- cleanPOMObject -->
        <test-method is-config="true" signature="close()[pri:0, instance:textNG_Project_4_SauceDemo.copy.TestClass_1@2e005c4b]" started-at="2022-09-23T17:15:29 IST" name="close" finished-at="2022-09-23T17:15:31 IST" duration-ms="2134" status="PASS">
          <reporter-output>
          </reporter-output>
        </test-method> <!-- close -->
      </class> <!-- textNG_Project_4_SauceDemo.copy.TestClass_1 -->
    </test> <!-- 1_Test_Chrome -->
    <test started-at="2022-09-23T17:14:57 IST" name="3_Test_Opera" finished-at="2022-09-23T17:15:47 IST" duration-ms="50658">
      <class name="textNG_Project_4_SauceDemo.copy.TestClass_3">
        <test-method is-config="true" signature="launchBrowser(java.lang.String)[pri:0, instance:textNG_Project_4_SauceDemo.copy.TestClass_3@42a48628]" started-at="2022-09-23T17:15:47 IST" name="launchBrowser" finished-at="1970-01-01T05:30:00 IST" duration-ms="-1663933547816" status="SKIP">
          <reporter-output>
          </reporter-output>
        </test-method> <!-- launchBrowser -->
        <test-method is-config="true" signature="beforeClass()[pri:0, instance:textNG_Project_4_SauceDemo.copy.TestClass_3@42a48628]" started-at="2022-09-23T17:15:47 IST" name="beforeClass" finished-at="1970-01-01T05:30:00 IST" duration-ms="-1663933547875" status="SKIP">
          <reporter-output>
          </reporter-output>
        </test-method> <!-- beforeClass -->
        <test-method is-config="true" signature="beforeMethod()[pri:0, instance:textNG_Project_4_SauceDemo.copy.TestClass_3@42a48628]" started-at="2022-09-23T17:15:47 IST" name="beforeMethod" finished-at="1970-01-01T05:30:00 IST" duration-ms="-1663933547877" status="SKIP">
          <reporter-output>
          </reporter-output>
        </test-method> <!-- beforeMethod -->
        <test-method signature="checkAddToCart()[pri:0, instance:textNG_Project_4_SauceDemo.copy.TestClass_3@42a48628]" started-at="2022-09-23T17:15:47 IST" name="checkAddToCart" finished-at="2022-09-23T17:15:47 IST" duration-ms="0" status="SKIP">
          <exception class="org.openqa.selenium.WebDriverException">
            <message>
              <![CDATA[unknown error: Opera failed to start: exited normally.
  (chrome not reachable)
  (The process started from opera location C:\Users\Akash\AppData\Local\Programs\Opera\91.0.4516.20\opera.exe is no longer running, so OperaDriver is assuming that Opera has crashed.)
  (Driver info: operadriver=104.0.5112.81 (5b7b76419d50f583022568b6764b630f6ddc9208-refs/branch-heads/5112@{#1309}),platform=Windows NT 10.0.19043 x86_64) (WARNING: The server did not provide any stacktrace information)
Command duration or timeout: 49.46 seconds
Build info: version: '3.141.59', revision: 'e82be7d358', time: '2018-11-14T08:17:03'
System info: host: 'DESKTOP-M7DU299', ip: '192.168.137.1', os.name: 'Windows 10', os.arch: 'amd64', os.version: '10.0', java.version: '18.0.1.1'
Driver info: driver.version: OperaDriver]]>
            </message>
            <full-stacktrace>
              <![CDATA[org.openqa.selenium.WebDriverException: unknown error: Opera failed to start: exited normally.
  (chrome not reachable)
  (The process started from opera location C:\Users\Akash\AppData\Local\Programs\Opera\91.0.4516.20\opera.exe is no longer running, so OperaDriver is assuming that Opera has crashed.)
  (Driver info: operadriver=104.0.5112.81 (5b7b76419d50f583022568b6764b630f6ddc9208-refs/branch-heads/5112@{#1309}),platform=Windows NT 10.0.19043 x86_64) (WARNING: The server did not provide any stacktrace information)
Command duration or timeout: 49.46 seconds
Build info: version: '3.141.59', revision: 'e82be7d358', time: '2018-11-14T08:17:03'
System info: host: 'DESKTOP-M7DU299', ip: '192.168.137.1', os.name: 'Windows 10', os.arch: 'amd64', os.version: '10.0', java.version: '18.0.1.1'
Driver info: driver.version: OperaDriver
at java.base/jdk.internal.reflect.DirectConstructorHandleAccessor.newInstance(DirectConstructorHandleAccessor.java:67)
at java.base/java.lang.reflect.Constructor.newInstanceWithCaller(Constructor.java:499)
at java.base/java.lang.reflect.Constructor.newInstance(Constructor.java:483)
at org.openqa.selenium.remote.ErrorHandler.createThrowable(ErrorHandler.java:214)
at org.openqa.selenium.remote.ErrorHandler.throwIfResponseFailed(ErrorHandler.java:166)
at org.openqa.selenium.remote.JsonWireProtocolResponse.lambda$errorHandler$0(JsonWireProtocolResponse.java:54)
at org.openqa.selenium.remote.HandshakeResponse.lambda$getResponseFunction$0(HandshakeResponse.java:30)
at org.openqa.selenium.remote.ProtocolHandshake.lambda$createSession$0(ProtocolHandshake.java:126)
at java.base/java.util.stream.ReferencePipeline$3$1.accept(ReferencePipeline.java:197)
at java.base/java.util.Spliterators$ArraySpliterator.tryAdvance(Spliterators.java:1002)
at java.base/java.util.stream.ReferencePipeline.forEachWithCancel(ReferencePipeline.java:129)
at java.base/java.util.stream.AbstractPipeline.copyIntoWithCancel(AbstractPipeline.java:527)
at java.base/java.util.stream.AbstractPipeline.copyInto(AbstractPipeline.java:513)
at java.base/java.util.stream.AbstractPipeline.wrapAndCopyInto(AbstractPipeline.java:499)
at java.base/java.util.stream.FindOps$FindOp.evaluateSequential(FindOps.java:150)
at java.base/java.util.stream.AbstractPipeline.evaluate(AbstractPipeline.java:234)
at java.base/java.util.stream.ReferencePipeline.findFirst(ReferencePipeline.java:647)
at org.openqa.selenium.remote.ProtocolHandshake.createSession(ProtocolHandshake.java:128)
at org.openqa.selenium.remote.ProtocolHandshake.createSession(ProtocolHandshake.java:74)
at org.openqa.selenium.remote.HttpCommandExecutor.execute(HttpCommandExecutor.java:136)
at org.openqa.selenium.remote.service.DriverCommandExecutor.execute(DriverCommandExecutor.java:83)
at org.openqa.selenium.remote.RemoteWebDriver.execute(RemoteWebDriver.java:552)
at org.openqa.selenium.remote.RemoteWebDriver.startSession(RemoteWebDriver.java:213)
at org.openqa.selenium.remote.RemoteWebDriver.<init>(RemoteWebDriver.java:131)
at org.openqa.selenium.opera.OperaDriver.<init>(OperaDriver.java:173)
at org.openqa.selenium.opera.OperaDriver.<init>(OperaDriver.java:160)
at org.openqa.selenium.opera.OperaDriver.<init>(OperaDriver.java:115)
at textNG_Project_4_SauceDemo.copy.TestClass_1.launchBrowser(TestClass_1.java:42)
at java.base/jdk.internal.reflect.DirectMethodHandleAccessor.invoke(DirectMethodHandleAccessor.java:104)
at java.base/java.lang.reflect.Method.invoke(Method.java:577)
at org.testng.internal.MethodInvocationHelper.invokeMethod(MethodInvocationHelper.java:133)
at org.testng.internal.MethodInvocationHelper.invokeMethodConsideringTimeout(MethodInvocationHelper.java:62)
at org.testng.internal.ConfigInvoker.invokeConfigurationMethod(ConfigInvoker.java:385)
at org.testng.internal.ConfigInvoker.invokeConfigurations(ConfigInvoker.java:321)
at org.testng.TestRunner.invokeTestConfigurations(TestRunner.java:637)
at org.testng.TestRunner.beforeRun(TestRunner.java:627)
at org.testng.TestRunner.run(TestRunner.java:589)
at org.testng.SuiteRunner.runTest(SuiteRunner.java:377)
at org.testng.SuiteRunner.access$000(SuiteRunner.java:28)
at org.testng.SuiteRunner$SuiteWorker.run(SuiteRunner.java:418)
at org.testng.internal.thread.ThreadUtil.lambda$execute$0(ThreadUtil.java:64)
at java.base/java.util.concurrent.FutureTask.run(FutureTask.java:264)
at java.base/java.util.concurrent.ThreadPoolExecutor.runWorker(ThreadPoolExecutor.java:1136)
at java.base/java.util.concurrent.ThreadPoolExecutor$Worker.run(ThreadPoolExecutor.java:635)
at java.base/java.lang.Thread.run(Thread.java:833)
]]>
            </full-stacktrace>
          </exception> <!-- org.openqa.selenium.WebDriverException -->
          <reporter-output>
          </reporter-output>
        </test-method> <!-- checkAddToCart -->
        <test-method is-config="true" signature="cleanPOMObject()[pri:0, instance:textNG_Project_4_SauceDemo.copy.TestClass_3@42a48628]" started-at="2022-09-23T17:15:47 IST" name="cleanPOMObject" finished-at="1970-01-01T05:30:00 IST" duration-ms="-1663933547884" status="SKIP">
          <reporter-output>
          </reporter-output>
        </test-method> <!-- cleanPOMObject -->
        <test-method is-config="true" signature="close()[pri:0, instance:textNG_Project_4_SauceDemo.copy.TestClass_3@42a48628]" started-at="2022-09-23T17:15:47 IST" name="close" finished-at="1970-01-01T05:30:00 IST" duration-ms="-1663933547901" status="SKIP">
          <reporter-output>
          </reporter-output>
        </test-method> <!-- close -->
      </class> <!-- textNG_Project_4_SauceDemo.copy.TestClass_3 -->
      <class name="textNG_Project_4_SauceDemo.copy.TestClass_2">
        <test-method is-config="true" signature="launchBrowser(java.lang.String)[pri:0, instance:textNG_Project_4_SauceDemo.copy.TestClass_2@130d63be]" started-at="2022-09-23T17:15:47 IST" name="launchBrowser" finished-at="1970-01-01T05:30:00 IST" duration-ms="-1663933547809" status="SKIP">
          <reporter-output>
          </reporter-output>
        </test-method> <!-- launchBrowser -->
        <test-method is-config="true" signature="beforeClass()[pri:0, instance:textNG_Project_4_SauceDemo.copy.TestClass_2@130d63be]" started-at="2022-09-23T17:15:47 IST" name="beforeClass" finished-at="1970-01-01T05:30:00 IST" duration-ms="-1663933547837" status="SKIP">
          <reporter-output>
          </reporter-output>
        </test-method> <!-- beforeClass -->
        <test-method is-config="true" signature="beforeMethod()[pri:0, instance:textNG_Project_4_SauceDemo.copy.TestClass_2@130d63be]" started-at="2022-09-23T17:15:47 IST" name="beforeMethod" finished-at="1970-01-01T05:30:00 IST" duration-ms="-1663933547846" status="SKIP">
          <reporter-output>
          </reporter-output>
        </test-method> <!-- beforeMethod -->
        <test-method signature="checkAddToCart()[pri:0, instance:textNG_Project_4_SauceDemo.copy.TestClass_2@130d63be]" started-at="2022-09-23T17:15:47 IST" name="checkAddToCart" finished-at="2022-09-23T17:15:47 IST" duration-ms="0" status="SKIP">
          <exception class="org.openqa.selenium.WebDriverException">
            <message>
              <![CDATA[unknown error: Opera failed to start: exited normally.
  (chrome not reachable)
  (The process started from opera location C:\Users\Akash\AppData\Local\Programs\Opera\91.0.4516.20\opera.exe is no longer running, so OperaDriver is assuming that Opera has crashed.)
  (Driver info: operadriver=104.0.5112.81 (5b7b76419d50f583022568b6764b630f6ddc9208-refs/branch-heads/5112@{#1309}),platform=Windows NT 10.0.19043 x86_64) (WARNING: The server did not provide any stacktrace information)
Command duration or timeout: 49.46 seconds
Build info: version: '3.141.59', revision: 'e82be7d358', time: '2018-11-14T08:17:03'
System info: host: 'DESKTOP-M7DU299', ip: '192.168.137.1', os.name: 'Windows 10', os.arch: 'amd64', os.version: '10.0', java.version: '18.0.1.1'
Driver info: driver.version: OperaDriver]]>
            </message>
            <full-stacktrace>
              <![CDATA[org.openqa.selenium.WebDriverException: unknown error: Opera failed to start: exited normally.
  (chrome not reachable)
  (The process started from opera location C:\Users\Akash\AppData\Local\Programs\Opera\91.0.4516.20\opera.exe is no longer running, so OperaDriver is assuming that Opera has crashed.)
  (Driver info: operadriver=104.0.5112.81 (5b7b76419d50f583022568b6764b630f6ddc9208-refs/branch-heads/5112@{#1309}),platform=Windows NT 10.0.19043 x86_64) (WARNING: The server did not provide any stacktrace information)
Command duration or timeout: 49.46 seconds
Build info: version: '3.141.59', revision: 'e82be7d358', time: '2018-11-14T08:17:03'
System info: host: 'DESKTOP-M7DU299', ip: '192.168.137.1', os.name: 'Windows 10', os.arch: 'amd64', os.version: '10.0', java.version: '18.0.1.1'
Driver info: driver.version: OperaDriver
at java.base/jdk.internal.reflect.DirectConstructorHandleAccessor.newInstance(DirectConstructorHandleAccessor.java:67)
at java.base/java.lang.reflect.Constructor.newInstanceWithCaller(Constructor.java:499)
at java.base/java.lang.reflect.Constructor.newInstance(Constructor.java:483)
at org.openqa.selenium.remote.ErrorHandler.createThrowable(ErrorHandler.java:214)
at org.openqa.selenium.remote.ErrorHandler.throwIfResponseFailed(ErrorHandler.java:166)
at org.openqa.selenium.remote.JsonWireProtocolResponse.lambda$errorHandler$0(JsonWireProtocolResponse.java:54)
at org.openqa.selenium.remote.HandshakeResponse.lambda$getResponseFunction$0(HandshakeResponse.java:30)
at org.openqa.selenium.remote.ProtocolHandshake.lambda$createSession$0(ProtocolHandshake.java:126)
at java.base/java.util.stream.ReferencePipeline$3$1.accept(ReferencePipeline.java:197)
at java.base/java.util.Spliterators$ArraySpliterator.tryAdvance(Spliterators.java:1002)
at java.base/java.util.stream.ReferencePipeline.forEachWithCancel(ReferencePipeline.java:129)
at java.base/java.util.stream.AbstractPipeline.copyIntoWithCancel(AbstractPipeline.java:527)
at java.base/java.util.stream.AbstractPipeline.copyInto(AbstractPipeline.java:513)
at java.base/java.util.stream.AbstractPipeline.wrapAndCopyInto(AbstractPipeline.java:499)
at java.base/java.util.stream.FindOps$FindOp.evaluateSequential(FindOps.java:150)
at java.base/java.util.stream.AbstractPipeline.evaluate(AbstractPipeline.java:234)
at java.base/java.util.stream.ReferencePipeline.findFirst(ReferencePipeline.java:647)
at org.openqa.selenium.remote.ProtocolHandshake.createSession(ProtocolHandshake.java:128)
at org.openqa.selenium.remote.ProtocolHandshake.createSession(ProtocolHandshake.java:74)
at org.openqa.selenium.remote.HttpCommandExecutor.execute(HttpCommandExecutor.java:136)
at org.openqa.selenium.remote.service.DriverCommandExecutor.execute(DriverCommandExecutor.java:83)
at org.openqa.selenium.remote.RemoteWebDriver.execute(RemoteWebDriver.java:552)
at org.openqa.selenium.remote.RemoteWebDriver.startSession(RemoteWebDriver.java:213)
at org.openqa.selenium.remote.RemoteWebDriver.<init>(RemoteWebDriver.java:131)
at org.openqa.selenium.opera.OperaDriver.<init>(OperaDriver.java:173)
at org.openqa.selenium.opera.OperaDriver.<init>(OperaDriver.java:160)
at org.openqa.selenium.opera.OperaDriver.<init>(OperaDriver.java:115)
at textNG_Project_4_SauceDemo.copy.TestClass_1.launchBrowser(TestClass_1.java:42)
at java.base/jdk.internal.reflect.DirectMethodHandleAccessor.invoke(DirectMethodHandleAccessor.java:104)
at java.base/java.lang.reflect.Method.invoke(Method.java:577)
at org.testng.internal.MethodInvocationHelper.invokeMethod(MethodInvocationHelper.java:133)
at org.testng.internal.MethodInvocationHelper.invokeMethodConsideringTimeout(MethodInvocationHelper.java:62)
at org.testng.internal.ConfigInvoker.invokeConfigurationMethod(ConfigInvoker.java:385)
at org.testng.internal.ConfigInvoker.invokeConfigurations(ConfigInvoker.java:321)
at org.testng.TestRunner.invokeTestConfigurations(TestRunner.java:637)
at org.testng.TestRunner.beforeRun(TestRunner.java:627)
at org.testng.TestRunner.run(TestRunner.java:589)
at org.testng.SuiteRunner.runTest(SuiteRunner.java:377)
at org.testng.SuiteRunner.access$000(SuiteRunner.java:28)
at org.testng.SuiteRunner$SuiteWorker.run(SuiteRunner.java:418)
at org.testng.internal.thread.ThreadUtil.lambda$execute$0(ThreadUtil.java:64)
at java.base/java.util.concurrent.FutureTask.run(FutureTask.java:264)
at java.base/java.util.concurrent.ThreadPoolExecutor.runWorker(ThreadPoolExecutor.java:1136)
at java.base/java.util.concurrent.ThreadPoolExecutor$Worker.run(ThreadPoolExecutor.java:635)
at java.base/java.lang.Thread.run(Thread.java:833)
]]>
            </full-stacktrace>
          </exception> <!-- org.openqa.selenium.WebDriverException -->
          <reporter-output>
          </reporter-output>
        </test-method> <!-- checkAddToCart -->
        <test-method is-config="true" signature="cleanPOMObject()[pri:0, instance:textNG_Project_4_SauceDemo.copy.TestClass_2@130d63be]" started-at="2022-09-23T17:15:47 IST" name="cleanPOMObject" finished-at="1970-01-01T05:30:00 IST" duration-ms="-1663933547869" status="SKIP">
          <reporter-output>
          </reporter-output>
        </test-method> <!-- cleanPOMObject -->
        <test-method is-config="true" signature="close()[pri:0, instance:textNG_Project_4_SauceDemo.copy.TestClass_2@130d63be]" started-at="2022-09-23T17:15:47 IST" name="close" finished-at="1970-01-01T05:30:00 IST" duration-ms="-1663933547898" status="SKIP">
          <reporter-output>
          </reporter-output>
        </test-method> <!-- close -->
      </class> <!-- textNG_Project_4_SauceDemo.copy.TestClass_2 -->
      <class name="textNG_Project_4_SauceDemo.copy.TestClass_4">
        <test-method is-config="true" signature="launchBrowser(java.lang.String)[pri:0, instance:textNG_Project_4_SauceDemo.copy.TestClass_4@293a5bf6]" started-at="2022-09-23T17:15:47 IST" name="launchBrowser" finished-at="1970-01-01T05:30:00 IST" duration-ms="-1663933547821" status="SKIP">
          <reporter-output>
          </reporter-output>
        </test-method> <!-- launchBrowser -->
        <test-method is-config="true" signature="beforeClass()[pri:0, instance:textNG_Project_4_SauceDemo.copy.TestClass_4@293a5bf6]" started-at="2022-09-23T17:15:47 IST" name="beforeClass" finished-at="1970-01-01T05:30:00 IST" duration-ms="-1663933547887" status="SKIP">
          <reporter-output>
          </reporter-output>
        </test-method> <!-- beforeClass -->
        <test-method is-config="true" signature="beforeMethod()[pri:0, instance:textNG_Project_4_SauceDemo.copy.TestClass_4@293a5bf6]" started-at="2022-09-23T17:15:47 IST" name="beforeMethod" finished-at="1970-01-01T05:30:00 IST" duration-ms="-1663933547889" status="SKIP">
          <reporter-output>
          </reporter-output>
        </test-method> <!-- beforeMethod -->
        <test-method signature="checkAddToCart()[pri:0, instance:textNG_Project_4_SauceDemo.copy.TestClass_4@293a5bf6]" started-at="2022-09-23T17:15:47 IST" name="checkAddToCart" finished-at="2022-09-23T17:15:47 IST" duration-ms="0" status="SKIP">
          <exception class="org.openqa.selenium.WebDriverException">
            <message>
              <![CDATA[unknown error: Opera failed to start: exited normally.
  (chrome not reachable)
  (The process started from opera location C:\Users\Akash\AppData\Local\Programs\Opera\91.0.4516.20\opera.exe is no longer running, so OperaDriver is assuming that Opera has crashed.)
  (Driver info: operadriver=104.0.5112.81 (5b7b76419d50f583022568b6764b630f6ddc9208-refs/branch-heads/5112@{#1309}),platform=Windows NT 10.0.19043 x86_64) (WARNING: The server did not provide any stacktrace information)
Command duration or timeout: 49.46 seconds
Build info: version: '3.141.59', revision: 'e82be7d358', time: '2018-11-14T08:17:03'
System info: host: 'DESKTOP-M7DU299', ip: '192.168.137.1', os.name: 'Windows 10', os.arch: 'amd64', os.version: '10.0', java.version: '18.0.1.1'
Driver info: driver.version: OperaDriver]]>
            </message>
            <full-stacktrace>
              <![CDATA[org.openqa.selenium.WebDriverException: unknown error: Opera failed to start: exited normally.
  (chrome not reachable)
  (The process started from opera location C:\Users\Akash\AppData\Local\Programs\Opera\91.0.4516.20\opera.exe is no longer running, so OperaDriver is assuming that Opera has crashed.)
  (Driver info: operadriver=104.0.5112.81 (5b7b76419d50f583022568b6764b630f6ddc9208-refs/branch-heads/5112@{#1309}),platform=Windows NT 10.0.19043 x86_64) (WARNING: The server did not provide any stacktrace information)
Command duration or timeout: 49.46 seconds
Build info: version: '3.141.59', revision: 'e82be7d358', time: '2018-11-14T08:17:03'
System info: host: 'DESKTOP-M7DU299', ip: '192.168.137.1', os.name: 'Windows 10', os.arch: 'amd64', os.version: '10.0', java.version: '18.0.1.1'
Driver info: driver.version: OperaDriver
at java.base/jdk.internal.reflect.DirectConstructorHandleAccessor.newInstance(DirectConstructorHandleAccessor.java:67)
at java.base/java.lang.reflect.Constructor.newInstanceWithCaller(Constructor.java:499)
at java.base/java.lang.reflect.Constructor.newInstance(Constructor.java:483)
at org.openqa.selenium.remote.ErrorHandler.createThrowable(ErrorHandler.java:214)
at org.openqa.selenium.remote.ErrorHandler.throwIfResponseFailed(ErrorHandler.java:166)
at org.openqa.selenium.remote.JsonWireProtocolResponse.lambda$errorHandler$0(JsonWireProtocolResponse.java:54)
at org.openqa.selenium.remote.HandshakeResponse.lambda$getResponseFunction$0(HandshakeResponse.java:30)
at org.openqa.selenium.remote.ProtocolHandshake.lambda$createSession$0(ProtocolHandshake.java:126)
at java.base/java.util.stream.ReferencePipeline$3$1.accept(ReferencePipeline.java:197)
at java.base/java.util.Spliterators$ArraySpliterator.tryAdvance(Spliterators.java:1002)
at java.base/java.util.stream.ReferencePipeline.forEachWithCancel(ReferencePipeline.java:129)
at java.base/java.util.stream.AbstractPipeline.copyIntoWithCancel(AbstractPipeline.java:527)
at java.base/java.util.stream.AbstractPipeline.copyInto(AbstractPipeline.java:513)
at java.base/java.util.stream.AbstractPipeline.wrapAndCopyInto(AbstractPipeline.java:499)
at java.base/java.util.stream.FindOps$FindOp.evaluateSequential(FindOps.java:150)
at java.base/java.util.stream.AbstractPipeline.evaluate(AbstractPipeline.java:234)
at java.base/java.util.stream.ReferencePipeline.findFirst(ReferencePipeline.java:647)
at org.openqa.selenium.remote.ProtocolHandshake.createSession(ProtocolHandshake.java:128)
at org.openqa.selenium.remote.ProtocolHandshake.createSession(ProtocolHandshake.java:74)
at org.openqa.selenium.remote.HttpCommandExecutor.execute(HttpCommandExecutor.java:136)
at org.openqa.selenium.remote.service.DriverCommandExecutor.execute(DriverCommandExecutor.java:83)
at org.openqa.selenium.remote.RemoteWebDriver.execute(RemoteWebDriver.java:552)
at org.openqa.selenium.remote.RemoteWebDriver.startSession(RemoteWebDriver.java:213)
at org.openqa.selenium.remote.RemoteWebDriver.<init>(RemoteWebDriver.java:131)
at org.openqa.selenium.opera.OperaDriver.<init>(OperaDriver.java:173)
at org.openqa.selenium.opera.OperaDriver.<init>(OperaDriver.java:160)
at org.openqa.selenium.opera.OperaDriver.<init>(OperaDriver.java:115)
at textNG_Project_4_SauceDemo.copy.TestClass_1.launchBrowser(TestClass_1.java:42)
at java.base/jdk.internal.reflect.DirectMethodHandleAccessor.invoke(DirectMethodHandleAccessor.java:104)
at java.base/java.lang.reflect.Method.invoke(Method.java:577)
at org.testng.internal.MethodInvocationHelper.invokeMethod(MethodInvocationHelper.java:133)
at org.testng.internal.MethodInvocationHelper.invokeMethodConsideringTimeout(MethodInvocationHelper.java:62)
at org.testng.internal.ConfigInvoker.invokeConfigurationMethod(ConfigInvoker.java:385)
at org.testng.internal.ConfigInvoker.invokeConfigurations(ConfigInvoker.java:321)
at org.testng.TestRunner.invokeTestConfigurations(TestRunner.java:637)
at org.testng.TestRunner.beforeRun(TestRunner.java:627)
at org.testng.TestRunner.run(TestRunner.java:589)
at org.testng.SuiteRunner.runTest(SuiteRunner.java:377)
at org.testng.SuiteRunner.access$000(SuiteRunner.java:28)
at org.testng.SuiteRunner$SuiteWorker.run(SuiteRunner.java:418)
at org.testng.internal.thread.ThreadUtil.lambda$execute$0(ThreadUtil.java:64)
at java.base/java.util.concurrent.FutureTask.run(FutureTask.java:264)
at java.base/java.util.concurrent.ThreadPoolExecutor.runWorker(ThreadPoolExecutor.java:1136)
at java.base/java.util.concurrent.ThreadPoolExecutor$Worker.run(ThreadPoolExecutor.java:635)
at java.base/java.lang.Thread.run(Thread.java:833)
]]>
            </full-stacktrace>
          </exception> <!-- org.openqa.selenium.WebDriverException -->
          <reporter-output>
          </reporter-output>
        </test-method> <!-- checkAddToCart -->
        <test-method is-config="true" signature="cleanPOMObject()[pri:0, instance:textNG_Project_4_SauceDemo.copy.TestClass_4@293a5bf6]" started-at="2022-09-23T17:15:47 IST" name="cleanPOMObject" finished-at="1970-01-01T05:30:00 IST" duration-ms="-1663933547894" status="SKIP">
          <reporter-output>
          </reporter-output>
        </test-method> <!-- cleanPOMObject -->
        <test-method is-config="true" signature="close()[pri:0, instance:textNG_Project_4_SauceDemo.copy.TestClass_4@293a5bf6]" started-at="2022-09-23T17:15:47 IST" name="close" finished-at="1970-01-01T05:30:00 IST" duration-ms="-1663933547905" status="SKIP">
          <reporter-output>
          </reporter-output>
        </test-method> <!-- close -->
      </class> <!-- textNG_Project_4_SauceDemo.copy.TestClass_4 -->
      <class name="textNG_Project_4_SauceDemo.copy.TestClass_1">
        <test-method is-config="true" signature="launchBrowser(java.lang.String)[pri:0, instance:textNG_Project_4_SauceDemo.copy.TestClass_1@7d8995e]" started-at="2022-09-23T17:14:57 IST" name="launchBrowser" finished-at="2022-09-23T17:15:47 IST" duration-ms="50525" status="FAIL">
          <params>
            <param index="0">
              <value>
                <![CDATA[Opera]]>
              </value>
            </param>
          </params>
          <exception class="org.openqa.selenium.WebDriverException">
            <message>
              <![CDATA[unknown error: Opera failed to start: exited normally.
  (chrome not reachable)
  (The process started from opera location C:\Users\Akash\AppData\Local\Programs\Opera\91.0.4516.20\opera.exe is no longer running, so OperaDriver is assuming that Opera has crashed.)
  (Driver info: operadriver=104.0.5112.81 (5b7b76419d50f583022568b6764b630f6ddc9208-refs/branch-heads/5112@{#1309}),platform=Windows NT 10.0.19043 x86_64) (WARNING: The server did not provide any stacktrace information)
Command duration or timeout: 49.46 seconds
Build info: version: '3.141.59', revision: 'e82be7d358', time: '2018-11-14T08:17:03'
System info: host: 'DESKTOP-M7DU299', ip: '192.168.137.1', os.name: 'Windows 10', os.arch: 'amd64', os.version: '10.0', java.version: '18.0.1.1'
Driver info: driver.version: OperaDriver]]>
            </message>
            <full-stacktrace>
              <![CDATA[org.openqa.selenium.WebDriverException: unknown error: Opera failed to start: exited normally.
  (chrome not reachable)
  (The process started from opera location C:\Users\Akash\AppData\Local\Programs\Opera\91.0.4516.20\opera.exe is no longer running, so OperaDriver is assuming that Opera has crashed.)
  (Driver info: operadriver=104.0.5112.81 (5b7b76419d50f583022568b6764b630f6ddc9208-refs/branch-heads/5112@{#1309}),platform=Windows NT 10.0.19043 x86_64) (WARNING: The server did not provide any stacktrace information)
Command duration or timeout: 49.46 seconds
Build info: version: '3.141.59', revision: 'e82be7d358', time: '2018-11-14T08:17:03'
System info: host: 'DESKTOP-M7DU299', ip: '192.168.137.1', os.name: 'Windows 10', os.arch: 'amd64', os.version: '10.0', java.version: '18.0.1.1'
Driver info: driver.version: OperaDriver
at java.base/jdk.internal.reflect.DirectConstructorHandleAccessor.newInstance(DirectConstructorHandleAccessor.java:67)
at java.base/java.lang.reflect.Constructor.newInstanceWithCaller(Constructor.java:499)
at java.base/java.lang.reflect.Constructor.newInstance(Constructor.java:483)
at org.openqa.selenium.remote.ErrorHandler.createThrowable(ErrorHandler.java:214)
at org.openqa.selenium.remote.ErrorHandler.throwIfResponseFailed(ErrorHandler.java:166)
at org.openqa.selenium.remote.JsonWireProtocolResponse.lambda$errorHandler$0(JsonWireProtocolResponse.java:54)
at org.openqa.selenium.remote.HandshakeResponse.lambda$getResponseFunction$0(HandshakeResponse.java:30)
at org.openqa.selenium.remote.ProtocolHandshake.lambda$createSession$0(ProtocolHandshake.java:126)
at java.base/java.util.stream.ReferencePipeline$3$1.accept(ReferencePipeline.java:197)
at java.base/java.util.Spliterators$ArraySpliterator.tryAdvance(Spliterators.java:1002)
at java.base/java.util.stream.ReferencePipeline.forEachWithCancel(ReferencePipeline.java:129)
at java.base/java.util.stream.AbstractPipeline.copyIntoWithCancel(AbstractPipeline.java:527)
at java.base/java.util.stream.AbstractPipeline.copyInto(AbstractPipeline.java:513)
at java.base/java.util.stream.AbstractPipeline.wrapAndCopyInto(AbstractPipeline.java:499)
at java.base/java.util.stream.FindOps$FindOp.evaluateSequential(FindOps.java:150)
at java.base/java.util.stream.AbstractPipeline.evaluate(AbstractPipeline.java:234)
at java.base/java.util.stream.ReferencePipeline.findFirst(ReferencePipeline.java:647)
at org.openqa.selenium.remote.ProtocolHandshake.createSession(ProtocolHandshake.java:128)
at org.openqa.selenium.remote.ProtocolHandshake.createSession(ProtocolHandshake.java:74)
at org.openqa.selenium.remote.HttpCommandExecutor.execute(HttpCommandExecutor.java:136)
at org.openqa.selenium.remote.service.DriverCommandExecutor.execute(DriverCommandExecutor.java:83)
at org.openqa.selenium.remote.RemoteWebDriver.execute(RemoteWebDriver.java:552)
at org.openqa.selenium.remote.RemoteWebDriver.startSession(RemoteWebDriver.java:213)
at org.openqa.selenium.remote.RemoteWebDriver.<init>(RemoteWebDriver.java:131)
at org.openqa.selenium.opera.OperaDriver.<init>(OperaDriver.java:173)
at org.openqa.selenium.opera.OperaDriver.<init>(OperaDriver.java:160)
at org.openqa.selenium.opera.OperaDriver.<init>(OperaDriver.java:115)
at textNG_Project_4_SauceDemo.copy.TestClass_1.launchBrowser(TestClass_1.java:42)
at java.base/jdk.internal.reflect.DirectMethodHandleAccessor.invoke(DirectMethodHandleAccessor.java:104)
at java.base/java.lang.reflect.Method.invoke(Method.java:577)
at org.testng.internal.MethodInvocationHelper.invokeMethod(MethodInvocationHelper.java:133)
at org.testng.internal.MethodInvocationHelper.invokeMethodConsideringTimeout(MethodInvocationHelper.java:62)
at org.testng.internal.ConfigInvoker.invokeConfigurationMethod(ConfigInvoker.java:385)
at org.testng.internal.ConfigInvoker.invokeConfigurations(ConfigInvoker.java:321)
at org.testng.TestRunner.invokeTestConfigurations(TestRunner.java:637)
at org.testng.TestRunner.beforeRun(TestRunner.java:627)
at org.testng.TestRunner.run(TestRunner.java:589)
at org.testng.SuiteRunner.runTest(SuiteRunner.java:377)
at org.testng.SuiteRunner.access$000(SuiteRunner.java:28)
at org.testng.SuiteRunner$SuiteWorker.run(SuiteRunner.java:418)
at org.testng.internal.thread.ThreadUtil.lambda$execute$0(ThreadUtil.java:64)
at java.base/java.util.concurrent.FutureTask.run(FutureTask.java:264)
at java.base/java.util.concurrent.ThreadPoolExecutor.runWorker(ThreadPoolExecutor.java:1136)
at java.base/java.util.concurrent.ThreadPoolExecutor$Worker.run(ThreadPoolExecutor.java:635)
at java.base/java.lang.Thread.run(Thread.java:833)
]]>
            </full-stacktrace>
          </exception> <!-- org.openqa.selenium.WebDriverException -->
          <reporter-output>
          </reporter-output>
        </test-method> <!-- launchBrowser -->
        <test-method is-config="true" signature="beforeClass()[pri:0, instance:textNG_Project_4_SauceDemo.copy.TestClass_1@7d8995e]" started-at="2022-09-23T17:15:47 IST" name="beforeClass" finished-at="1970-01-01T05:30:00 IST" duration-ms="-1663933547823" status="SKIP">
          <reporter-output>
          </reporter-output>
        </test-method> <!-- beforeClass -->
        <test-method is-config="true" signature="beforeMethod()[pri:0, instance:textNG_Project_4_SauceDemo.copy.TestClass_1@7d8995e]" started-at="2022-09-23T17:15:47 IST" name="beforeMethod" finished-at="1970-01-01T05:30:00 IST" duration-ms="-1663933547825" status="SKIP">
          <reporter-output>
          </reporter-output>
        </test-method> <!-- beforeMethod -->
        <test-method signature="testLoginButton()[pri:0, instance:textNG_Project_4_SauceDemo.copy.TestClass_1@7d8995e]" started-at="2022-09-23T17:15:47 IST" name="testLoginButton" finished-at="2022-09-23T17:15:47 IST" duration-ms="0" status="SKIP">
          <exception class="org.openqa.selenium.WebDriverException">
            <message>
              <![CDATA[unknown error: Opera failed to start: exited normally.
  (chrome not reachable)
  (The process started from opera location C:\Users\Akash\AppData\Local\Programs\Opera\91.0.4516.20\opera.exe is no longer running, so OperaDriver is assuming that Opera has crashed.)
  (Driver info: operadriver=104.0.5112.81 (5b7b76419d50f583022568b6764b630f6ddc9208-refs/branch-heads/5112@{#1309}),platform=Windows NT 10.0.19043 x86_64) (WARNING: The server did not provide any stacktrace information)
Command duration or timeout: 49.46 seconds
Build info: version: '3.141.59', revision: 'e82be7d358', time: '2018-11-14T08:17:03'
System info: host: 'DESKTOP-M7DU299', ip: '192.168.137.1', os.name: 'Windows 10', os.arch: 'amd64', os.version: '10.0', java.version: '18.0.1.1'
Driver info: driver.version: OperaDriver]]>
            </message>
            <full-stacktrace>
              <![CDATA[org.openqa.selenium.WebDriverException: unknown error: Opera failed to start: exited normally.
  (chrome not reachable)
  (The process started from opera location C:\Users\Akash\AppData\Local\Programs\Opera\91.0.4516.20\opera.exe is no longer running, so OperaDriver is assuming that Opera has crashed.)
  (Driver info: operadriver=104.0.5112.81 (5b7b76419d50f583022568b6764b630f6ddc9208-refs/branch-heads/5112@{#1309}),platform=Windows NT 10.0.19043 x86_64) (WARNING: The server did not provide any stacktrace information)
Command duration or timeout: 49.46 seconds
Build info: version: '3.141.59', revision: 'e82be7d358', time: '2018-11-14T08:17:03'
System info: host: 'DESKTOP-M7DU299', ip: '192.168.137.1', os.name: 'Windows 10', os.arch: 'amd64', os.version: '10.0', java.version: '18.0.1.1'
Driver info: driver.version: OperaDriver
at java.base/jdk.internal.reflect.DirectConstructorHandleAccessor.newInstance(DirectConstructorHandleAccessor.java:67)
at java.base/java.lang.reflect.Constructor.newInstanceWithCaller(Constructor.java:499)
at java.base/java.lang.reflect.Constructor.newInstance(Constructor.java:483)
at org.openqa.selenium.remote.ErrorHandler.createThrowable(ErrorHandler.java:214)
at org.openqa.selenium.remote.ErrorHandler.throwIfResponseFailed(ErrorHandler.java:166)
at org.openqa.selenium.remote.JsonWireProtocolResponse.lambda$errorHandler$0(JsonWireProtocolResponse.java:54)
at org.openqa.selenium.remote.HandshakeResponse.lambda$getResponseFunction$0(HandshakeResponse.java:30)
at org.openqa.selenium.remote.ProtocolHandshake.lambda$createSession$0(ProtocolHandshake.java:126)
at java.base/java.util.stream.ReferencePipeline$3$1.accept(ReferencePipeline.java:197)
at java.base/java.util.Spliterators$ArraySpliterator.tryAdvance(Spliterators.java:1002)
at java.base/java.util.stream.ReferencePipeline.forEachWithCancel(ReferencePipeline.java:129)
at java.base/java.util.stream.AbstractPipeline.copyIntoWithCancel(AbstractPipeline.java:527)
at java.base/java.util.stream.AbstractPipeline.copyInto(AbstractPipeline.java:513)
at java.base/java.util.stream.AbstractPipeline.wrapAndCopyInto(AbstractPipeline.java:499)
at java.base/java.util.stream.FindOps$FindOp.evaluateSequential(FindOps.java:150)
at java.base/java.util.stream.AbstractPipeline.evaluate(AbstractPipeline.java:234)
at java.base/java.util.stream.ReferencePipeline.findFirst(ReferencePipeline.java:647)
at org.openqa.selenium.remote.ProtocolHandshake.createSession(ProtocolHandshake.java:128)
at org.openqa.selenium.remote.ProtocolHandshake.createSession(ProtocolHandshake.java:74)
at org.openqa.selenium.remote.HttpCommandExecutor.execute(HttpCommandExecutor.java:136)
at org.openqa.selenium.remote.service.DriverCommandExecutor.execute(DriverCommandExecutor.java:83)
at org.openqa.selenium.remote.RemoteWebDriver.execute(RemoteWebDriver.java:552)
at org.openqa.selenium.remote.RemoteWebDriver.startSession(RemoteWebDriver.java:213)
at org.openqa.selenium.remote.RemoteWebDriver.<init>(RemoteWebDriver.java:131)
at org.openqa.selenium.opera.OperaDriver.<init>(OperaDriver.java:173)
at org.openqa.selenium.opera.OperaDriver.<init>(OperaDriver.java:160)
at org.openqa.selenium.opera.OperaDriver.<init>(OperaDriver.java:115)
at textNG_Project_4_SauceDemo.copy.TestClass_1.launchBrowser(TestClass_1.java:42)
at java.base/jdk.internal.reflect.DirectMethodHandleAccessor.invoke(DirectMethodHandleAccessor.java:104)
at java.base/java.lang.reflect.Method.invoke(Method.java:577)
at org.testng.internal.MethodInvocationHelper.invokeMethod(MethodInvocationHelper.java:133)
at org.testng.internal.MethodInvocationHelper.invokeMethodConsideringTimeout(MethodInvocationHelper.java:62)
at org.testng.internal.ConfigInvoker.invokeConfigurationMethod(ConfigInvoker.java:385)
at org.testng.internal.ConfigInvoker.invokeConfigurations(ConfigInvoker.java:321)
at org.testng.TestRunner.invokeTestConfigurations(TestRunner.java:637)
at org.testng.TestRunner.beforeRun(TestRunner.java:627)
at org.testng.TestRunner.run(TestRunner.java:589)
at org.testng.SuiteRunner.runTest(SuiteRunner.java:377)
at org.testng.SuiteRunner.access$000(SuiteRunner.java:28)
at org.testng.SuiteRunner$SuiteWorker.run(SuiteRunner.java:418)
at org.testng.internal.thread.ThreadUtil.lambda$execute$0(ThreadUtil.java:64)
at java.base/java.util.concurrent.FutureTask.run(FutureTask.java:264)
at java.base/java.util.concurrent.ThreadPoolExecutor.runWorker(ThreadPoolExecutor.java:1136)
at java.base/java.util.concurrent.ThreadPoolExecutor$Worker.run(ThreadPoolExecutor.java:635)
at java.base/java.lang.Thread.run(Thread.java:833)
]]>
            </full-stacktrace>
          </exception> <!-- org.openqa.selenium.WebDriverException -->
          <reporter-output>
          </reporter-output>
        </test-method> <!-- testLoginButton -->
        <test-method is-config="true" signature="cleanPOMObject()[pri:0, instance:textNG_Project_4_SauceDemo.copy.TestClass_1@7d8995e]" started-at="2022-09-23T17:15:47 IST" name="cleanPOMObject" finished-at="1970-01-01T05:30:00 IST" duration-ms="-1663933547833" status="SKIP">
          <reporter-output>
          </reporter-output>
        </test-method> <!-- cleanPOMObject -->
        <test-method is-config="true" signature="close()[pri:0, instance:textNG_Project_4_SauceDemo.copy.TestClass_1@7d8995e]" started-at="2022-09-23T17:15:47 IST" name="close" finished-at="1970-01-01T05:30:00 IST" duration-ms="-1663933547895" status="SKIP">
          <reporter-output>
          </reporter-output>
        </test-method> <!-- close -->
      </class> <!-- textNG_Project_4_SauceDemo.copy.TestClass_1 -->
    </test> <!-- 3_Test_Opera -->
  </suite> <!-- Suite -->
</testng-results>
