<?xml version="1.0" encoding="UTF-8"?>
<!-- Generated by org.testng.reporters.JUnitXMLReporter -->
<testsuite ignored="0" hostname="DESKTOP-M7DU299" failures="0" tests="4" name="1_Test_Chrome" time="40.118" errors="0" timestamp="2022-09-23T17:15:37 IST">
  <testcase classname="textNG_Project_4_SauceDemo.copy.TestClass_1" name="testLoginButton" time="0.108"/>
  <testcase classname="textNG_Project_4_SauceDemo.copy.TestClass_2" name="checkAddToCart" time="1.027"/>
  <testcase classname="textNG_Project_4_SauceDemo.copy.TestClass_3" name="checkAddToCart" time="0.145"/>
  <testcase classname="textNG_Project_4_SauceDemo.copy.TestClass_4" name="checkAddToCart" time="3.807"/>
</testsuite> <!-- 1_Test_Chrome -->
