<?xml version="1.0" encoding="UTF-8"?>
<!-- Generated by org.testng.reporters.JUnitXMLReporter -->
<testsuite ignored="0" hostname="DESKTOP-M7DU299" failures="0" tests="4" name="Test1" time="68.58" errors="0" timestamp="2022-09-15T16:07:27 IST">
  <testcase classname="textNG_Project_4_SauceDemo.copy.TestClass_3" name="checkAddToCart" time="0.494"/>
  <testcase classname="textNG_Project_4_SauceDemo.copy.TestClass_2" name="checkAddToCart" time="0.027"/>
  <testcase classname="textNG_Project_4_SauceDemo.copy.TestClass_1" name="testLoginButton" time="0.194"/>
  <testcase classname="textNG_Project_4_SauceDemo.copy.TestClass_4" name="checkAddToCart" time="3.581"/>
</testsuite> <!-- Test1 -->
