<?xml version="1.0" encoding="UTF-8"?>
<!-- Generated by org.testng.reporters.JUnitXMLReporter -->
<testsuite ignored="0" hostname="DESKTOP-M7DU299" failures="0" tests="4" name="Test2_Edge" time="75.602" errors="0" timestamp="2022-09-20T11:03:13 IST">
  <testcase classname="textNG_Project_4_SauceDemo.copy.TestClass_1" name="testLoginButton" time="0.287"/>
  <testcase classname="textNG_Project_4_SauceDemo.copy.TestClass_2" name="checkAddToCart" time="0.017"/>
  <testcase classname="textNG_Project_4_SauceDemo.copy.TestClass_3" name="checkAddToCart" time="0.127"/>
  <testcase classname="textNG_Project_4_SauceDemo.copy.TestClass_4" name="checkAddToCart" time="3.631"/>
</testsuite> <!-- Test2_Edge -->
