<?xml version="1.0" encoding="UTF-8"?>
<!-- Generated by org.testng.reporters.JUnitXMLReporter -->
<testsuite ignored="0" hostname="DESKTOP-M7DU299" failures="0" tests="4" name="Test3" time="59.387" errors="0" timestamp="2022-09-15T16:07:20 IST">
  <testcase classname="textNG_Project_4_SauceDemo.copy.TestClass_3" name="checkAddToCart" time="0.127"/>
  <testcase classname="textNG_Project_4_SauceDemo.copy.TestClass_2" name="checkAddToCart" time="0.03"/>
  <testcase classname="textNG_Project_4_SauceDemo.copy.TestClass_1" name="testLoginButton" time="0.02"/>
  <testcase classname="textNG_Project_4_SauceDemo.copy.TestClass_4" name="checkAddToCart" time="3.343"/>
</testsuite> <!-- Test3 -->
